1494415953.523285 client started (3044): version 2.4, socket /private/tmp/tmux-501/default, protocol 8
1494415953.523748 on Darwin 15.6.0 Darwin Kernel Version 15.6.0: Fri Feb 17 10:21:18 PST 2017; root:xnu-3248.60.11.4.1~1/RELEASE_X86_64; libevent 2.1.8-stable (select)
1494415953.523797 socket is /private/tmp/tmux-501/default
1494415953.523814 trying connect
1494415953.523845 connect failed: No such file or directory
1494415953.524010 lock file is /private/tmp/tmux-501/default.lock
1494415953.524111 flock succeeded
1494415953.524118 got lock (6)
1494415953.524125 trying connect
1494415953.524137 connect failed: No such file or directory
1494415953.564460 add peer 0x7fcfea800000: 7 (0x0)
1494415953.566315 sending message 100 to peer 0x7fcfea800000 (4 bytes)
1494415953.566349 sending message 101 to peer 0x7fcfea800000 (15 bytes)
1494415953.566361 sending message 102 to peer 0x7fcfea800000 (13 bytes)
1494415953.566372 sending message 108 to peer 0x7fcfea800000 (43 bytes)
1494415953.566387 sending message 104 to peer 0x7fcfea800000 (0 bytes)
1494415953.566397 sending message 107 to peer 0x7fcfea800000 (4 bytes)
1494415953.566405 sending message 105 to peer 0x7fcfea800000 (60 bytes)
1494415953.566415 sending message 105 to peer 0x7fcfea800000 (66 bytes)
1494415953.566420 sending message 105 to peer 0x7fcfea800000 (76 bytes)
1494415953.566426 sending message 105 to peer 0x7fcfea800000 (22 bytes)
1494415953.566431 sending message 105 to peer 0x7fcfea800000 (14 bytes)
1494415953.566437 sending message 105 to peer 0x7fcfea800000 (17 bytes)
1494415953.566442 sending message 105 to peer 0x7fcfea800000 (47 bytes)
1494415953.566451 sending message 105 to peer 0x7fcfea800000 (25 bytes)
1494415953.566460 sending message 105 to peer 0x7fcfea800000 (28 bytes)
1494415953.566468 sending message 105 to peer 0x7fcfea800000 (23 bytes)
1494415953.566476 sending message 105 to peer 0x7fcfea800000 (481 bytes)
1494415953.566483 sending message 105 to peer 0x7fcfea800000 (75 bytes)
1494415953.566491 sending message 105 to peer 0x7fcfea800000 (20 bytes)
1494415953.566498 sending message 105 to peer 0x7fcfea800000 (18 bytes)
1494415953.566510 sending message 105 to peer 0x7fcfea800000 (57 bytes)
1494415953.566519 sending message 105 to peer 0x7fcfea800000 (11 bytes)
1494415953.566528 sending message 105 to peer 0x7fcfea800000 (19 bytes)
1494415953.566536 sending message 105 to peer 0x7fcfea800000 (14 bytes)
1494415953.566545 sending message 105 to peer 0x7fcfea800000 (61 bytes)
1494415953.566553 sending message 105 to peer 0x7fcfea800000 (38 bytes)
1494415953.566562 sending message 105 to peer 0x7fcfea800000 (8 bytes)
1494415953.566577 sending message 105 to peer 0x7fcfea800000 (50 bytes)
1494415953.566586 sending message 105 to peer 0x7fcfea800000 (13 bytes)
1494415953.566594 sending message 105 to peer 0x7fcfea800000 (12 bytes)
1494415953.566607 sending message 105 to peer 0x7fcfea800000 (12 bytes)
1494415953.566616 sending message 105 to peer 0x7fcfea800000 (11 bytes)
1494415953.566625 sending message 105 to peer 0x7fcfea800000 (34 bytes)
1494415953.566634 sending message 105 to peer 0x7fcfea800000 (25 bytes)
1494415953.566642 sending message 105 to peer 0x7fcfea800000 (25 bytes)
1494415953.566651 sending message 105 to peer 0x7fcfea800000 (21 bytes)
1494415953.566660 sending message 105 to peer 0x7fcfea800000 (21 bytes)
1494415953.566669 sending message 105 to peer 0x7fcfea800000 (28 bytes)
1494415953.566678 sending message 105 to peer 0x7fcfea800000 (21 bytes)
1494415953.566687 sending message 105 to peer 0x7fcfea800000 (25 bytes)
1494415953.566696 sending message 105 to peer 0x7fcfea800000 (32 bytes)
1494415953.566709 sending message 105 to peer 0x7fcfea800000 (107 bytes)
1494415953.566719 sending message 105 to peer 0x7fcfea800000 (17 bytes)
1494415953.566728 sending message 105 to peer 0x7fcfea800000 (21 bytes)
1494415953.566738 sending message 105 to peer 0x7fcfea800000 (31 bytes)
1494415953.566748 sending message 105 to peer 0x7fcfea800000 (16 bytes)
1494415953.566757 sending message 105 to peer 0x7fcfea800000 (38 bytes)
1494415953.566767 sending message 105 to peer 0x7fcfea800000 (71 bytes)
1494415953.619101 sending message 105 to peer 0x7fcfea800000 (92 bytes)
1494415953.619118 sending message 105 to peer 0x7fcfea800000 (24 bytes)
1494415953.619128 sending message 105 to peer 0x7fcfea800000 (21 bytes)
1494415953.619137 sending message 105 to peer 0x7fcfea800000 (16 bytes)
1494415953.619145 sending message 105 to peer 0x7fcfea800000 (61 bytes)
1494415953.619154 sending message 105 to peer 0x7fcfea800000 (82 bytes)
1494415953.619163 sending message 105 to peer 0x7fcfea800000 (46 bytes)
1494415953.619171 sending message 105 to peer 0x7fcfea800000 (60 bytes)
1494415953.619179 sending message 105 to peer 0x7fcfea800000 (22 bytes)
1494415953.619187 sending message 105 to peer 0x7fcfea800000 (17 bytes)
1494415953.619194 sending message 105 to peer 0x7fcfea800000 (15 bytes)
1494415953.619202 sending message 106 to peer 0x7fcfea800000 (0 bytes)
1494415953.619216 sending message 200 to peer 0x7fcfea800000 (4 bytes)
1494415953.619224 client loop enter
1494415953.981254 peer 0x7fcfea800000 message 207
1494415953.981271 sending message 208 to peer 0x7fcfea800000 (0 bytes)
1494417559.063863 sending message 205 to peer 0x7fcfea800000 (0 bytes)
1494417559.064106 peer 0x7fcfea800000 message 204
1494417559.064114 client loop exit
